<?xml version="1.0" encoding="UTF-8"?>
<!-- Generated by org.testng.reporters.JUnitXMLReporter -->
<testsuite ignored="0" hostname="LAPTOP-BHKF9L3F" failures="0" tests="3" name="Default test" time="10.699" errors="0" timestamp="2024-02-10T15:41:05 IST">
  <testcase classname="com.restassured.api.HTTPrequests" name="getRequest" time="5.588"/>
  <testcase classname="com.restassured.api.HTTPrequests" name="postRequest" time="2.43"/>
  <testcase classname="com.restassured.api.HTTPrequests" name="putRequest" time="2.591"/>
</testsuite> <!-- Default test -->
