<?xml version="1.0" encoding="UTF-8"?>
<testng-results ignored="0" total="4" passed="4" failed="0" skipped="0">
  <reporter-output>
  </reporter-output>
  <suite started-at="2024-02-10T18:30:19 IST" name="Default suite" finished-at="2024-02-10T18:30:22 IST" duration-ms="3837">
    <groups>
    </groups>
    <test started-at="2024-02-10T18:30:19 IST" name="Default test" finished-at="2024-02-10T18:30:22 IST" duration-ms="3837">
      <class name="day11.HTTPrequest">
        <test-method signature="getRequest()[pri:1, instance:day11.HTTPrequest@54e1c68b]" started-at="2024-02-10T18:30:19 IST" name="getRequest" finished-at="2024-02-10T18:30:21 IST" duration-ms="2162" status="PASS">
          <reporter-output>
          </reporter-output>
        </test-method> <!-- getRequest -->
        <test-method signature="postRequest()[pri:2, instance:day11.HTTPrequest@54e1c68b]" started-at="2024-02-10T18:30:21 IST" name="postRequest" finished-at="2024-02-10T18:30:22 IST" duration-ms="729" status="PASS">
          <reporter-output>
          </reporter-output>
        </test-method> <!-- postRequest -->
        <test-method signature="putRequest()[pri:3, instance:day11.HTTPrequest@54e1c68b]" started-at="2024-02-10T18:30:22 IST" name="putRequest" finished-at="2024-02-10T18:30:22 IST" depends-on-methods="day11.HTTPrequest.postRequest" duration-ms="417" status="PASS">
          <reporter-output>
          </reporter-output>
        </test-method> <!-- putRequest -->
        <test-method signature="deleteRequest()[pri:4, instance:day11.HTTPrequest@54e1c68b]" started-at="2024-02-10T18:30:22 IST" name="deleteRequest" finished-at="2024-02-10T18:30:22 IST" duration-ms="472" status="PASS">
          <reporter-output>
          </reporter-output>
        </test-method> <!-- deleteRequest -->
      </class> <!-- day11.HTTPrequest -->
    </test> <!-- Default test -->
  </suite> <!-- Default suite -->
</testng-results>
