<?xml version="1.0" encoding="UTF-8"?>
<testng-results ignored="0" total="3" passed="3" failed="0" skipped="0">
  <reporter-output>
  </reporter-output>
  <suite started-at="2024-02-10T15:40:54 IST" name="Default suite" finished-at="2024-02-10T15:41:05 IST" duration-ms="10699">
    <groups>
    </groups>
    <test started-at="2024-02-10T15:40:54 IST" name="Default test" finished-at="2024-02-10T15:41:05 IST" duration-ms="10699">
      <class name="com.restassured.api.HTTPrequests">
        <test-method signature="getRequest()[pri:1, instance:com.restassured.api.HTTPrequests@54e1c68b]" started-at="2024-02-10T15:40:54 IST" name="getRequest" finished-at="2024-02-10T15:41:00 IST" duration-ms="5588" status="PASS">
          <reporter-output>
          </reporter-output>
        </test-method> <!-- getRequest -->
        <test-method signature="postRequest()[pri:2, instance:com.restassured.api.HTTPrequests@54e1c68b]" started-at="2024-02-10T15:41:00 IST" name="postRequest" finished-at="2024-02-10T15:41:02 IST" duration-ms="2430" status="PASS">
          <reporter-output>
          </reporter-output>
        </test-method> <!-- postRequest -->
        <test-method signature="putRequest()[pri:3, instance:com.restassured.api.HTTPrequests@54e1c68b]" started-at="2024-02-10T15:41:02 IST" name="putRequest" finished-at="2024-02-10T15:41:05 IST" depends-on-methods="com.restassured.api.HTTPrequests.postRequest" duration-ms="2591" status="PASS">
          <reporter-output>
          </reporter-output>
        </test-method> <!-- putRequest -->
      </class> <!-- com.restassured.api.HTTPrequests -->
    </test> <!-- Default test -->
  </suite> <!-- Default suite -->
</testng-results>
